<?xml version="1.0" encoding="UTF-8"?>
<testng-results ignored="0" total="1" passed="1" failed="0" skipped="0">
  <reporter-output>
  </reporter-output>
  <suite started-at="2022-11-18T15:00:14Z" name="Default suite" finished-at="2022-11-18T15:00:16Z" duration-ms="2107">
    <groups>
    </groups>
    <test started-at="2022-11-18T15:00:14Z" name="Default test" finished-at="2022-11-18T15:00:16Z" duration-ms="2107">
      <class name="pruebastesteos.Testing">
        <test-method is-config="true" signature="invocarNavegador()[pri:0, instance:pruebastesteos.Testing@2474f125]" started-at="2022-11-18T09:00:14Z" name="invocarNavegador" finished-at="2022-11-18T09:00:16Z" duration-ms="1966" status="PASS">
          <reporter-output>
          </reporter-output>
        </test-method> <!-- invocarNavegador -->
        <test-method signature="verificarAgregarCliente()[pri:0, instance:pruebastesteos.Testing@2474f125]" started-at="2022-11-18T09:00:16Z" name="verificarAgregarCliente" finished-at="2022-11-18T09:00:16Z" duration-ms="128" status="PASS">
          <reporter-output>
          </reporter-output>
        </test-method> <!-- verificarAgregarCliente -->
      </class> <!-- pruebastesteos.Testing -->
    </test> <!-- Default test -->
  </suite> <!-- Default suite -->
</testng-results>
